36817558ns VCD dump on file  dumpa.vcd.
36817568ns VCD dump on file  dumpa.vcd.
36817578ns VCD dump off.
36817759ns VCD dump on file  dumpa.vcd.
36821122ns VCD dump off.
36822277ns VCD dump on file  dumpb.vcd.
36822287ns VCD dump on file  dumpb.vcd.
36822297ns VCD dump off.
36822478ns VCD dump on file  dumpb.vcd.
36824506ns VCD dump off.
36891232ns VCD dump on file  dumpc.vcd.
36891242ns VCD dump on file  dumpc.vcd.
36891252ns VCD dump off.
36891433ns VCD dump on file  dumpc.vcd.
36894515ns VCD dump off.
36895730ns VCD dump on file  dumpd.vcd.
36895740ns VCD dump on file  dumpd.vcd.
36895750ns VCD dump off.
36895931ns VCD dump on file  dumpd.vcd.
36897698ns VCD dump off.
36964363ns VCD dump on file  dumpe.vcd.
36964373ns VCD dump on file  dumpe.vcd.
36964383ns VCD dump off.
36971702ns VCD dump on file  dumpe.vcd.
36974785ns VCD dump off.
36976000ns VCD dump on file  dumpf.vcd.
36976010ns VCD dump on file  dumpf.vcd.
36976020ns VCD dump off.
36983339ns VCD dump on file  dumpf.vcd.
36985106ns VCD dump off.
37051771ns VCD dump on file  dumpg.vcd.
37051781ns VCD dump on file  dumpg.vcd.
37051791ns VCD dump off.
37059121ns VCD dump on file  dumpg.vcd.
37062484ns VCD dump off.
37063639ns VCD dump on file  dumph.vcd.
37063649ns VCD dump on file  dumph.vcd.
37063659ns VCD dump off.
37070988ns VCD dump on file  dumph.vcd.
37073016ns VCD dump off.
